2014/09/26 10:57:46 [error] [exception.CHttpException.403] exception 'CHttpException' with message 'You are not allowed to access this page.' in /shop/www/htdocs/blog.live/yii/framework/gii/GiiModule.php:170
Stack trace:
#0 /shop/www/htdocs/blog.live/yii/framework/web/CController.php(263): GiiModule->beforeControllerAction(Object(DefaultController), Object(CInlineAction))
#1 /shop/www/htdocs/blog.live/yii/framework/web/CWebApplication.php(282): CController->run('')
#2 /shop/www/htdocs/blog.live/yii/framework/web/CWebApplication.php(141): CWebApplication->runController('gii')
#3 /shop/www/htdocs/blog.live/yii/framework/base/CApplication.php(180): CWebApplication->processRequest()
#4 /shop/www/htdocs/blog.live/index.php(13): CApplication->run()
#5 {main}
REQUEST_URI=/index.php?r=gii
---
2014/09/26 10:58:13 [error] [exception.CHttpException.403] exception 'CHttpException' with message 'You are not allowed to access this page.' in /shop/www/htdocs/blog.live/yii/framework/gii/GiiModule.php:170
Stack trace:
#0 /shop/www/htdocs/blog.live/yii/framework/web/CController.php(263): GiiModule->beforeControllerAction(Object(DefaultController), Object(CInlineAction))
#1 /shop/www/htdocs/blog.live/yii/framework/web/CWebApplication.php(282): CController->run('')
#2 /shop/www/htdocs/blog.live/yii/framework/web/CWebApplication.php(141): CWebApplication->runController('gii')
#3 /shop/www/htdocs/blog.live/yii/framework/base/CApplication.php(180): CWebApplication->processRequest()
#4 /shop/www/htdocs/blog.live/index.php(13): CApplication->run()
#5 {main}
REQUEST_URI=/index.php?r=gii
---
2014/09/26 10:58:47 [error] [exception.CHttpException.403] exception 'CHttpException' with message 'You are not allowed to access this page.' in /shop/www/htdocs/blog.live/yii/framework/gii/GiiModule.php:170
Stack trace:
#0 /shop/www/htdocs/blog.live/yii/framework/web/CController.php(263): GiiModule->beforeControllerAction(Object(DefaultController), Object(CInlineAction))
#1 /shop/www/htdocs/blog.live/yii/framework/web/CWebApplication.php(282): CController->run('')
#2 /shop/www/htdocs/blog.live/yii/framework/web/CWebApplication.php(141): CWebApplication->runController('gii')
#3 /shop/www/htdocs/blog.live/yii/framework/base/CApplication.php(180): CWebApplication->processRequest()
#4 /shop/www/htdocs/blog.live/index.php(13): CApplication->run()
#5 {main}
REQUEST_URI=/index.php?r=gii
---
2014/09/26 10:58:50 [error] [exception.CHttpException.403] exception 'CHttpException' with message 'You are not allowed to access this page.' in /shop/www/htdocs/blog.live/yii/framework/gii/GiiModule.php:170
Stack trace:
#0 /shop/www/htdocs/blog.live/yii/framework/web/CController.php(263): GiiModule->beforeControllerAction(Object(DefaultController), Object(CInlineAction))
#1 /shop/www/htdocs/blog.live/yii/framework/web/CWebApplication.php(282): CController->run('')
#2 /shop/www/htdocs/blog.live/yii/framework/web/CWebApplication.php(141): CWebApplication->runController('gii')
#3 /shop/www/htdocs/blog.live/yii/framework/base/CApplication.php(180): CWebApplication->processRequest()
#4 /shop/www/htdocs/blog.live/index.php(13): CApplication->run()
#5 {main}
REQUEST_URI=/index.php?r=gii
---
2014/09/26 11:00:34 [error] [exception.CHttpException.403] exception 'CHttpException' with message 'You are not allowed to access this page.' in /shop/www/htdocs/blog.live/yii/framework/gii/GiiModule.php:170
Stack trace:
#0 /shop/www/htdocs/blog.live/yii/framework/web/CController.php(263): GiiModule->beforeControllerAction(Object(DefaultController), Object(CInlineAction))
#1 /shop/www/htdocs/blog.live/yii/framework/web/CWebApplication.php(282): CController->run('')
#2 /shop/www/htdocs/blog.live/yii/framework/web/CWebApplication.php(141): CWebApplication->runController('gii')
#3 /shop/www/htdocs/blog.live/yii/framework/base/CApplication.php(180): CWebApplication->processRequest()
#4 /shop/www/htdocs/blog.live/index.php(13): CApplication->run()
#5 {main}
REQUEST_URI=/index.php?r=gii
---
2014/09/26 11:01:54 [error] [exception.CHttpException.403] exception 'CHttpException' with message 'You are not allowed to access this page.' in /shop/www/htdocs/blog.live/yii/framework/gii/GiiModule.php:170
Stack trace:
#0 /shop/www/htdocs/blog.live/yii/framework/web/CController.php(263): GiiModule->beforeControllerAction(Object(DefaultController), Object(CInlineAction))
#1 /shop/www/htdocs/blog.live/yii/framework/web/CWebApplication.php(282): CController->run('')
#2 /shop/www/htdocs/blog.live/yii/framework/web/CWebApplication.php(141): CWebApplication->runController('gii')
#3 /shop/www/htdocs/blog.live/yii/framework/base/CApplication.php(180): CWebApplication->processRequest()
#4 /shop/www/htdocs/blog.live/index.php(13): CApplication->run()
#5 {main}
REQUEST_URI=/index.php?r=gii
---
2014/09/26 11:01:57 [error] [exception.CHttpException.403] exception 'CHttpException' with message 'You are not allowed to access this page.' in /shop/www/htdocs/blog.live/yii/framework/gii/GiiModule.php:170
Stack trace:
#0 /shop/www/htdocs/blog.live/yii/framework/web/CController.php(263): GiiModule->beforeControllerAction(Object(DefaultController), Object(CInlineAction))
#1 /shop/www/htdocs/blog.live/yii/framework/web/CWebApplication.php(282): CController->run('')
#2 /shop/www/htdocs/blog.live/yii/framework/web/CWebApplication.php(141): CWebApplication->runController('gii')
#3 /shop/www/htdocs/blog.live/yii/framework/base/CApplication.php(180): CWebApplication->processRequest()
#4 /shop/www/htdocs/blog.live/index.php(13): CApplication->run()
#5 {main}
REQUEST_URI=/index.php?r=gii
---
2014/09/26 11:02:26 [error] [exception.CHttpException.403] exception 'CHttpException' with message 'You are not allowed to access this page.' in /shop/www/htdocs/blog.live/yii/framework/gii/GiiModule.php:170
Stack trace:
#0 /shop/www/htdocs/blog.live/yii/framework/web/CController.php(263): GiiModule->beforeControllerAction(Object(DefaultController), Object(CInlineAction))
#1 /shop/www/htdocs/blog.live/yii/framework/web/CWebApplication.php(282): CController->run('')
#2 /shop/www/htdocs/blog.live/yii/framework/web/CWebApplication.php(141): CWebApplication->runController('gii')
#3 /shop/www/htdocs/blog.live/yii/framework/base/CApplication.php(180): CWebApplication->processRequest()
#4 /shop/www/htdocs/blog.live/index.php(13): CApplication->run()
#5 {main}
REQUEST_URI=/index.php?r=gii
---
2014/09/26 11:03:26 [error] [exception.CHttpException.403] exception 'CHttpException' with message 'You are not allowed to access this page.' in /shop/www/htdocs/blog.live/yii/framework/gii/GiiModule.php:170
Stack trace:
#0 /shop/www/htdocs/blog.live/yii/framework/web/CController.php(263): GiiModule->beforeControllerAction(Object(DefaultController), Object(CInlineAction))
#1 /shop/www/htdocs/blog.live/yii/framework/web/CWebApplication.php(282): CController->run('')
#2 /shop/www/htdocs/blog.live/yii/framework/web/CWebApplication.php(141): CWebApplication->runController('gii')
#3 /shop/www/htdocs/blog.live/yii/framework/base/CApplication.php(180): CWebApplication->processRequest()
#4 /shop/www/htdocs/blog.live/index.php(13): CApplication->run()
#5 {main}
REQUEST_URI=/index.php?r=gii
---
2014/09/26 11:03:31 [error] [exception.CHttpException.403] exception 'CHttpException' with message 'You are not allowed to access this page.' in /shop/www/htdocs/blog.live/yii/framework/gii/GiiModule.php:170
Stack trace:
#0 /shop/www/htdocs/blog.live/yii/framework/web/CController.php(263): GiiModule->beforeControllerAction(Object(DefaultController), Object(CInlineAction))
#1 /shop/www/htdocs/blog.live/yii/framework/web/CWebApplication.php(282): CController->run('')
#2 /shop/www/htdocs/blog.live/yii/framework/web/CWebApplication.php(141): CWebApplication->runController('gii')
#3 /shop/www/htdocs/blog.live/yii/framework/base/CApplication.php(180): CWebApplication->processRequest()
#4 /shop/www/htdocs/blog.live/index.php(13): CApplication->run()
#5 {main}
REQUEST_URI=/index.php?r=gii
---
2014/09/29 12:56:07 [error] [exception.CHttpException.403] exception 'CHttpException' with message 'You are not authorized to perform this action.' in /shop/www/htdocs/blog.live/yii/framework/web/auth/CAccessControlFilter.php:182
Stack trace:
#0 /shop/www/htdocs/blog.live/yii/framework/web/auth/CAccessControlFilter.php(145): CAccessControlFilter->accessDenied(Object(CWebUser), 'You are not aut...')
#1 /shop/www/htdocs/blog.live/yii/framework/web/filters/CFilter.php(38): CAccessControlFilter->preFilter(Object(CFilterChain))
#2 /shop/www/htdocs/blog.live/yii/framework/web/CController.php(1145): CFilter->filter(Object(CFilterChain))
#3 /shop/www/htdocs/blog.live/yii/framework/web/filters/CInlineFilter.php(58): CController->filterAccessControl(Object(CFilterChain))
#4 /shop/www/htdocs/blog.live/yii/framework/web/filters/CFilterChain.php(130): CInlineFilter->filter(Object(CFilterChain))
#5 /shop/www/htdocs/blog.live/yii/framework/web/CController.php(291): CFilterChain->run()
#6 /shop/www/htdocs/blog.live/yii/framework/web/CController.php(265): CController->runActionWithFilters(Object(CInlineAction), Array)
#7 /shop/www/htdocs/blog.live/yii/framework/web/CWebApplication.php(282): CController->run('admin')
#8 /shop/www/htdocs/blog.live/yii/framework/web/CWebApplication.php(141): CWebApplication->runController('post/admin')
#9 /shop/www/htdocs/blog.live/yii/framework/base/CApplication.php(180): CWebApplication->processRequest()
#10 /shop/www/htdocs/blog.live/index.php(13): CApplication->run()
#11 {main}
REQUEST_URI=/index.php?r=post/admin
HTTP_REFERER=https://blog.west-wing.dev/index.php?r=post
---
2014/09/29 13:23:56 [error] [exception.CHttpException.403] exception 'CHttpException' with message 'You are not authorized to perform this action.' in /shop/www/htdocs/blog.live/yii/framework/web/auth/CAccessControlFilter.php:182
Stack trace:
#0 /shop/www/htdocs/blog.live/yii/framework/web/auth/CAccessControlFilter.php(145): CAccessControlFilter->accessDenied(Object(CWebUser), 'You are not aut...')
#1 /shop/www/htdocs/blog.live/yii/framework/web/filters/CFilter.php(38): CAccessControlFilter->preFilter(Object(CFilterChain))
#2 /shop/www/htdocs/blog.live/yii/framework/web/CController.php(1145): CFilter->filter(Object(CFilterChain))
#3 /shop/www/htdocs/blog.live/yii/framework/web/filters/CInlineFilter.php(58): CController->filterAccessControl(Object(CFilterChain))
#4 /shop/www/htdocs/blog.live/yii/framework/web/filters/CFilterChain.php(130): CInlineFilter->filter(Object(CFilterChain))
#5 /shop/www/htdocs/blog.live/yii/framework/web/CController.php(291): CFilterChain->run()
#6 /shop/www/htdocs/blog.live/yii/framework/web/CController.php(265): CController->runActionWithFilters(Object(CInlineAction), Array)
#7 /shop/www/htdocs/blog.live/yii/framework/web/CWebApplication.php(282): CController->run('admin')
#8 /shop/www/htdocs/blog.live/yii/framework/web/CWebApplication.php(141): CWebApplication->runController('post/admin')
#9 /shop/www/htdocs/blog.live/yii/framework/base/CApplication.php(180): CWebApplication->processRequest()
#10 /shop/www/htdocs/blog.live/index.php(13): CApplication->run()
#11 {main}
REQUEST_URI=/index.php?r=post/admin
HTTP_REFERER=https://blog.west-wing.dev/index.php?r=post
---
